[debug] [2023-03-02T00:39:40.863Z] ----------------------------------------------------------------------
[debug] [2023-03-02T00:39:40.865Z] Command:       C:\Program Files\nodejs\node.exe C:\Users\User\AppData\Roaming\npm\node_modules\firebase-tools\lib\bin\firebase.js init
[debug] [2023-03-02T00:39:40.865Z] CLI Version:   11.24.0
[debug] [2023-03-02T00:39:40.865Z] Platform:      win32
[debug] [2023-03-02T00:39:40.865Z] Node Version:  v18.13.0
[debug] [2023-03-02T00:39:40.866Z] Time:          Thu Mar 02 2023 08:39:40 GMT+0800 (台北標準時間)
[debug] [2023-03-02T00:39:40.867Z] ----------------------------------------------------------------------
[debug] 
[debug] [2023-03-02T00:39:40.873Z] > command requires scopes: ["email","openid","https://www.googleapis.com/auth/cloudplatformprojects.readonly","https://www.googleapis.com/auth/firebase","https://www.googleapis.com/auth/cloud-platform"]
[debug] [2023-03-02T00:39:40.874Z] > authorizing via signed-in user (machilan1@gmail.com)
[info] 
     ######## #### ########  ######## ########     ###     ######  ########
     ##        ##  ##     ## ##       ##     ##  ##   ##  ##       ##
     ######    ##  ########  ######   ########  #########  ######  ######
     ##        ##  ##    ##  ##       ##     ## ##     ##       ## ##
     ##       #### ##     ## ######## ########  ##     ##  ######  ########

You're about to initialize a Firebase project in this directory:

  D:\code file\homework\hw3\Instagram-clone

[info] 
=== Project Setup
[info] 
[info] First, let's associate this project directory with a Firebase project.
[info] You can create multiple project aliases by running firebase use --add, 
[info] but for now we'll just set up a default project.
[info] 
